[debug] [2025-11-01T10:07:43.379Z] ----------------------------------------------------------------------
[debug] [2025-11-01T10:07:43.411Z] Command:       C:\Program Files\nodejs\node.exe C:\Users\vaibh\AppData\Roaming\npm\node_modules\firebase-tools\lib\bin\firebase.js init functions
[debug] [2025-11-01T10:07:43.412Z] CLI Version:   14.20.0
[debug] [2025-11-01T10:07:43.413Z] Platform:      win32
[debug] [2025-11-01T10:07:43.413Z] Node Version:  v22.15.0
[debug] [2025-11-01T10:07:43.414Z] Time:          Sat Nov 01 2025 15:37:43 GMT+0530 (India Standard Time)
[debug] [2025-11-01T10:07:43.415Z] ----------------------------------------------------------------------
[debug] 
[debug] [2025-11-01T10:07:43.420Z] >>> [apiv2][query] GET https://firebase-public.firebaseio.com/cli.json [none]
[info] 
     ######## #### ########  ######## ########     ###     ######  ########
     ##        ##  ##     ## ##       ##     ##  ##   ##  ##       ##
     ######    ##  ########  ######   ########  #########  ######  ######
     ##        ##  ##    ##  ##       ##     ## ##     ##       ## ##
     ##       #### ##     ## ######## ########  ##     ##  ######  ########

You're about to initialize a Firebase project in this directory:

  C:\Users\vaibh\Downloads\Dorr-main\Dorr-main

Before we get started, keep in mind:

  * You are initializing within an existing Firebase project directory

[debug] [2025-11-01T10:07:45.739Z] <<< [apiv2][status] GET https://firebase-public.firebaseio.com/cli.json 200
[debug] [2025-11-01T10:07:45.740Z] <<< [apiv2][body] GET https://firebase-public.firebaseio.com/cli.json {"cloudBuildErrorAfter":1594252800000,"cloudBuildWarnAfter":1590019200000,"defaultNode10After":1594252800000,"minVersion":"3.0.5","node8DeploysDisabledAfter":1613390400000,"node8RuntimeDisabledAfter":1615809600000,"node8WarnAfter":1600128000000}
